C51 COMPILER V9.60.0.0   MAIN                                                              01/25/2023 18:46:09 PAGE 1   


C51 COMPILER V9.60.0.0, COMPILATION OF MODULE MAIN
OBJECT MODULE PLACED IN .\Objects\main.obj
COMPILER INVOKED BY: C:\Keil_v5\C51\BIN\C51.EXE main.c OPTIMIZE(8,SPEED) BROWSE DEBUG OBJECTEXTEND PRINT(.\Listings\main
                    -.lst) TABS(2) OBJECT(.\Objects\main.obj)

line level    source

   1          #include "header.h"
   2          void main()
   3          {
   4   1        unsigned char x;
   5   1        uart_init(9600);
   6   1        // uart_init();
   7   1        lcd_init();
   8   1        while (1)
   9   1        {
  10   2          x = menu_display();
  11   2          switch (x)
  12   2          {
  13   3          case 'a':
  14   3          case 'A':
  15   3            led_testing();
  16   3            break;
  17   3          case 'b':
  18   3          case 'B':
  19   3            switch_testing();
  20   3            break;
  21   3          case 'c':
  22   3          case 'C':
  23   3            lcd_testing();
  24   3            break;
  25   3          case 'd':
  26   3          case 'D':
  27   3            keypad_testing();
  28   3            break;
  29   3          case 'e':
  30   3          case 'E':
  31   3            eeprom_testing();
  32   3            break;
  33   3          case 'f':
  34   3          case 'F':
  35   3            adc_testing();
  36   3            break;
  37   3          default:
  38   3            uart_string("\r\n");
  39   3          }
  40   2        }
  41   1      }


MODULE INFORMATION:   STATIC OVERLAYABLE
   CODE SIZE        =     98    ----
   CONSTANT SIZE    =      3    ----
   XDATA SIZE       =   ----    ----
   PDATA SIZE       =   ----    ----
   DATA SIZE        =   ----    ----
   IDATA SIZE       =   ----    ----
   BIT SIZE         =   ----    ----
END OF MODULE INFORMATION.


C51 COMPILATION COMPLETE.  0 WARNING(S),  0 ERROR(S)
